framework2/build/intermediates/manifest_merge_blame_file/release/manifest-merger-blame-release-report.txt
1<?xml version="1.0" encoding="utf-8"?>
2<manifest xmlns:android="http://schemas.android.com/apk/res/android"
3    xmlns:tools="http://schemas.android.com/tools"
4    package="com.cx.framework2"
5    android:versionCode="1"
6    android:versionName="1.0" >
7
8    <uses-sdk
9        android:minSdkVersion="26"
9-->src\main\AndroidManifest.xml
10        android:targetSdkVersion="30" />
10-->src\main\AndroidManifest.xml
11
12    <!-- 在SDCard中创建与删除文件的权限 -->
13    <uses-permission
13-->src\main\AndroidManifest.xml:9:5-10:47
14        android:name="android.permission.MOUNT_UNMOUNT_FILESYSTEMS"
14-->src\main\AndroidManifest.xml:9:22-81
15        tools:ignore="ProtectedPermissions" />
15-->src\main\AndroidManifest.xml:10:9-44
16
17</manifest>